{"C:\\Users\\user\\Documents\\done\\backend\\src\\controllers\\itemsController.js": {"path":"C:\\Users\\user\\Documents\\done\\backend\\src\\controllers\\itemsController.js","statementMap":{"0":{"start":{"line":6,"column":26},"end":{"line":44,"column":1}},"1":{"start":{"line":7,"column":28},"end":{"line":7,"column":36}},"2":{"start":{"line":8,"column":19},"end":{"line":8,"column":38}},"3":{"start":{"line":11,"column":4},"end":{"line":15,"column":5}},"4":{"start":{"line":12,"column":8},"end":{"line":12,"column":43}},"5":{"start":{"line":14,"column":8},"end":{"line":14,"column":54}},"6":{"start":{"line":17,"column":4},"end":{"line":17,"column":65}},"7":{"start":{"line":17,"column":18},"end":{"line":17,"column":65}},"8":{"start":{"line":18,"column":4},"end":{"line":18,"column":100}},"9":{"start":{"line":18,"column":46},"end":{"line":18,"column":100}},"10":{"start":{"line":20,"column":15},"end":{"line":20,"column":40}},"11":{"start":{"line":21,"column":4},"end":{"line":21,"column":31}},"12":{"start":{"line":23,"column":4},"end":{"line":41,"column":5}},"13":{"start":{"line":24,"column":24},"end":{"line":24,"column":53}},"14":{"start":{"line":25,"column":8},"end":{"line":25,"column":34}},"15":{"start":{"line":26,"column":8},"end":{"line":26,"column":36}},"16":{"start":{"line":27,"column":8},"end":{"line":37,"column":9}},"17":{"start":{"line":38,"column":8},"end":{"line":38,"column":41}},"18":{"start":{"line":40,"column":8},"end":{"line":40,"column":54}},"19":{"start":{"line":43,"column":4},"end":{"line":43,"column":34}},"20":{"start":{"line":46,"column":30},"end":{"line":74,"column":1}},"21":{"start":{"line":47,"column":48},"end":{"line":47,"column":56}},"22":{"start":{"line":48,"column":15},"end":{"line":48,"column":29}},"23":{"start":{"line":49,"column":15},"end":{"line":49,"column":34}},"24":{"start":{"line":51,"column":4},"end":{"line":51,"column":75}},"25":{"start":{"line":51,"column":30},"end":{"line":51,"column":75}},"26":{"start":{"line":53,"column":4},"end":{"line":57,"column":5}},"27":{"start":{"line":54,"column":8},"end":{"line":54,"column":38}},"28":{"start":{"line":56,"column":8},"end":{"line":56,"column":54}},"29":{"start":{"line":58,"column":4},"end":{"line":58,"column":62}},"30":{"start":{"line":58,"column":15},"end":{"line":58,"column":62}},"31":{"start":{"line":59,"column":4},"end":{"line":59,"column":31}},"32":{"start":{"line":60,"column":4},"end":{"line":61,"column":62}},"33":{"start":{"line":61,"column":8},"end":{"line":61,"column":62}},"34":{"start":{"line":63,"column":4},"end":{"line":63,"column":36}},"35":{"start":{"line":64,"column":4},"end":{"line":64,"column":56}},"36":{"start":{"line":65,"column":4},"end":{"line":65,"column":47}},"37":{"start":{"line":66,"column":4},"end":{"line":67,"column":41}},"38":{"start":{"line":67,"column":8},"end":{"line":67,"column":41}},"39":{"start":{"line":68,"column":4},"end":{"line":72,"column":5}},"40":{"start":{"line":69,"column":8},"end":{"line":69,"column":25}},"41":{"start":{"line":71,"column":8},"end":{"line":71,"column":54}},"42":{"start":{"line":73,"column":4},"end":{"line":73,"column":22}},"43":{"start":{"line":76,"column":30},"end":{"line":104,"column":1}},"44":{"start":{"line":77,"column":15},"end":{"line":77,"column":29}},"45":{"start":{"line":78,"column":15},"end":{"line":78,"column":34}},"46":{"start":{"line":80,"column":4},"end":{"line":80,"column":75}},"47":{"start":{"line":80,"column":30},"end":{"line":80,"column":75}},"48":{"start":{"line":82,"column":4},"end":{"line":86,"column":5}},"49":{"start":{"line":83,"column":8},"end":{"line":83,"column":38}},"50":{"start":{"line":85,"column":8},"end":{"line":85,"column":54}},"51":{"start":{"line":87,"column":4},"end":{"line":87,"column":62}},"52":{"start":{"line":87,"column":15},"end":{"line":87,"column":62}},"53":{"start":{"line":88,"column":4},"end":{"line":88,"column":31}},"54":{"start":{"line":89,"column":4},"end":{"line":90,"column":62}},"55":{"start":{"line":90,"column":8},"end":{"line":90,"column":62}},"56":{"start":{"line":92,"column":4},"end":{"line":101,"column":5}},"57":{"start":{"line":93,"column":24},"end":{"line":93,"column":53}},"58":{"start":{"line":94,"column":8},"end":{"line":94,"column":34}},"59":{"start":{"line":95,"column":8},"end":{"line":95,"column":34}},"60":{"start":{"line":96,"column":8},"end":{"line":96,"column":41}},"61":{"start":{"line":97,"column":8},"end":{"line":97,"column":41}},"62":{"start":{"line":98,"column":8},"end":{"line":98,"column":41}},"63":{"start":{"line":100,"column":8},"end":{"line":100,"column":54}},"64":{"start":{"line":103,"column":4},"end":{"line":103,"column":41}},"65":{"start":{"line":106,"column":27},"end":{"line":118,"column":1}},"66":{"start":{"line":107,"column":15},"end":{"line":107,"column":29}},"67":{"start":{"line":109,"column":4},"end":{"line":109,"column":75}},"68":{"start":{"line":109,"column":30},"end":{"line":109,"column":75}},"69":{"start":{"line":111,"column":4},"end":{"line":115,"column":5}},"70":{"start":{"line":112,"column":8},"end":{"line":112,"column":38}},"71":{"start":{"line":114,"column":8},"end":{"line":114,"column":54}},"72":{"start":{"line":116,"column":4},"end":{"line":116,"column":62}},"73":{"start":{"line":116,"column":15},"end":{"line":116,"column":62}},"74":{"start":{"line":117,"column":4},"end":{"line":117,"column":22}},"75":{"start":{"line":120,"column":32},"end":{"line":134,"column":1}},"76":{"start":{"line":121,"column":15},"end":{"line":121,"column":29}},"77":{"start":{"line":123,"column":4},"end":{"line":123,"column":75}},"78":{"start":{"line":123,"column":30},"end":{"line":123,"column":75}},"79":{"start":{"line":125,"column":4},"end":{"line":129,"column":5}},"80":{"start":{"line":126,"column":8},"end":{"line":126,"column":38}},"81":{"start":{"line":128,"column":8},"end":{"line":128,"column":54}},"82":{"start":{"line":130,"column":4},"end":{"line":131,"column":55}},"83":{"start":{"line":131,"column":8},"end":{"line":131,"column":55}},"84":{"start":{"line":133,"column":4},"end":{"line":133,"column":35}}},"fnMap":{"0":{"name":"(anonymous_0)","decl":{"start":{"line":6,"column":26},"end":{"line":6,"column":27}},"loc":{"start":{"line":6,"column":52},"end":{"line":44,"column":1}},"line":6},"1":{"name":"(anonymous_1)","decl":{"start":{"line":46,"column":30},"end":{"line":46,"column":31}},"loc":{"start":{"line":46,"column":56},"end":{"line":74,"column":1}},"line":46},"2":{"name":"(anonymous_2)","decl":{"start":{"line":76,"column":30},"end":{"line":76,"column":31}},"loc":{"start":{"line":76,"column":56},"end":{"line":104,"column":1}},"line":76},"3":{"name":"(anonymous_3)","decl":{"start":{"line":106,"column":27},"end":{"line":106,"column":28}},"loc":{"start":{"line":106,"column":53},"end":{"line":118,"column":1}},"line":106},"4":{"name":"(anonymous_4)","decl":{"start":{"line":120,"column":32},"end":{"line":120,"column":33}},"loc":{"start":{"line":120,"column":58},"end":{"line":134,"column":1}},"line":120}},"branchMap":{"0":{"loc":{"start":{"line":17,"column":4},"end":{"line":17,"column":65}},"type":"if","locations":[{"start":{"line":17,"column":4},"end":{"line":17,"column":65}},{"start":{},"end":{}}],"line":17},"1":{"loc":{"start":{"line":18,"column":4},"end":{"line":18,"column":100}},"type":"if","locations":[{"start":{"line":18,"column":4},"end":{"line":18,"column":100}},{"start":{},"end":{}}],"line":18},"2":{"loc":{"start":{"line":51,"column":4},"end":{"line":51,"column":75}},"type":"if","locations":[{"start":{"line":51,"column":4},"end":{"line":51,"column":75}},{"start":{},"end":{}}],"line":51},"3":{"loc":{"start":{"line":58,"column":4},"end":{"line":58,"column":62}},"type":"if","locations":[{"start":{"line":58,"column":4},"end":{"line":58,"column":62}},{"start":{},"end":{}}],"line":58},"4":{"loc":{"start":{"line":60,"column":4},"end":{"line":61,"column":62}},"type":"if","locations":[{"start":{"line":60,"column":4},"end":{"line":61,"column":62}},{"start":{},"end":{}}],"line":60},"5":{"loc":{"start":{"line":63,"column":17},"end":{"line":63,"column":36}},"type":"binary-expr","locations":[{"start":{"line":63,"column":17},"end":{"line":63,"column":22}},{"start":{"line":63,"column":26},"end":{"line":63,"column":36}}],"line":63},"6":{"loc":{"start":{"line":64,"column":26},"end":{"line":64,"column":56}},"type":"binary-expr","locations":[{"start":{"line":64,"column":26},"end":{"line":64,"column":33}},{"start":{"line":64,"column":37},"end":{"line":64,"column":56}}],"line":64},"7":{"loc":{"start":{"line":65,"column":23},"end":{"line":65,"column":47}},"type":"binary-expr","locations":[{"start":{"line":65,"column":23},"end":{"line":65,"column":27}},{"start":{"line":65,"column":31},"end":{"line":65,"column":47}}],"line":65},"8":{"loc":{"start":{"line":66,"column":4},"end":{"line":67,"column":41}},"type":"if","locations":[{"start":{"line":66,"column":4},"end":{"line":67,"column":41}},{"start":{},"end":{}}],"line":66},"9":{"loc":{"start":{"line":80,"column":4},"end":{"line":80,"column":75}},"type":"if","locations":[{"start":{"line":80,"column":4},"end":{"line":80,"column":75}},{"start":{},"end":{}}],"line":80},"10":{"loc":{"start":{"line":87,"column":4},"end":{"line":87,"column":62}},"type":"if","locations":[{"start":{"line":87,"column":4},"end":{"line":87,"column":62}},{"start":{},"end":{}}],"line":87},"11":{"loc":{"start":{"line":89,"column":4},"end":{"line":90,"column":62}},"type":"if","locations":[{"start":{"line":89,"column":4},"end":{"line":90,"column":62}},{"start":{},"end":{}}],"line":89},"12":{"loc":{"start":{"line":109,"column":4},"end":{"line":109,"column":75}},"type":"if","locations":[{"start":{"line":109,"column":4},"end":{"line":109,"column":75}},{"start":{},"end":{}}],"line":109},"13":{"loc":{"start":{"line":116,"column":4},"end":{"line":116,"column":62}},"type":"if","locations":[{"start":{"line":116,"column":4},"end":{"line":116,"column":62}},{"start":{},"end":{}}],"line":116},"14":{"loc":{"start":{"line":123,"column":4},"end":{"line":123,"column":75}},"type":"if","locations":[{"start":{"line":123,"column":4},"end":{"line":123,"column":75}},{"start":{},"end":{}}],"line":123},"15":{"loc":{"start":{"line":130,"column":4},"end":{"line":131,"column":55}},"type":"if","locations":[{"start":{"line":130,"column":4},"end":{"line":131,"column":55}},{"start":{},"end":{}}],"line":130}},"s":{"0":1,"1":3,"2":3,"3":3,"4":3,"5":0,"6":3,"7":1,"8":2,"9":1,"10":1,"11":1,"12":1,"13":1,"14":1,"15":1,"16":1,"17":1,"18":0,"19":1,"20":1,"21":4,"22":4,"23":4,"24":4,"25":1,"26":3,"27":3,"28":0,"29":3,"30":1,"31":2,"32":2,"33":1,"34":1,"35":1,"36":1,"37":1,"38":1,"39":1,"40":1,"41":0,"42":1,"43":1,"44":4,"45":4,"46":4,"47":1,"48":3,"49":3,"50":0,"51":3,"52":1,"53":2,"54":2,"55":1,"56":1,"57":1,"58":1,"59":1,"60":1,"61":1,"62":1,"63":0,"64":1,"65":1,"66":3,"67":3,"68":1,"69":2,"70":2,"71":0,"72":2,"73":1,"74":1,"75":1,"76":3,"77":3,"78":1,"79":2,"80":2,"81":0,"82":2,"83":1,"84":1},"f":{"0":3,"1":4,"2":4,"3":3,"4":3},"b":{"0":[1,2],"1":[1,1],"2":[1,3],"3":[1,2],"4":[1,1],"5":[1,1],"6":[1,1],"7":[1,1],"8":[1,0],"9":[1,3],"10":[1,2],"11":[1,1],"12":[1,2],"13":[1,1],"14":[1,2],"15":[1,1]},"_coverageSchema":"1a1c01bbd47fc00a2c39e90264f33305004495a9","hash":"73e642ee5c0b894fd5aa729f86f45c553206821a"}
,"C:\\Users\\user\\Documents\\done\\backend\\src\\controllers\\listsController.js": {"path":"C:\\Users\\user\\Documents\\done\\backend\\src\\controllers\\listsController.js","statementMap":{"0":{"start":{"line":6,"column":27},"end":{"line":20,"column":1}},"1":{"start":{"line":7,"column":15},"end":{"line":7,"column":34}},"2":{"start":{"line":8,"column":15},"end":{"line":8,"column":29}},"3":{"start":{"line":9,"column":4},"end":{"line":9,"column":75}},"4":{"start":{"line":9,"column":30},"end":{"line":9,"column":75}},"5":{"start":{"line":11,"column":4},"end":{"line":15,"column":5}},"6":{"start":{"line":12,"column":8},"end":{"line":12,"column":38}},"7":{"start":{"line":14,"column":8},"end":{"line":14,"column":54}},"8":{"start":{"line":16,"column":4},"end":{"line":16,"column":62}},"9":{"start":{"line":16,"column":15},"end":{"line":16,"column":62}},"10":{"start":{"line":17,"column":4},"end":{"line":17,"column":95}},"11":{"start":{"line":17,"column":41},"end":{"line":17,"column":95}},"12":{"start":{"line":19,"column":4},"end":{"line":19,"column":22}},"13":{"start":{"line":22,"column":32},"end":{"line":38,"column":1}},"14":{"start":{"line":23,"column":19},"end":{"line":23,"column":38}},"15":{"start":{"line":24,"column":15},"end":{"line":24,"column":29}},"16":{"start":{"line":25,"column":4},"end":{"line":25,"column":75}},"17":{"start":{"line":25,"column":30},"end":{"line":25,"column":75}},"18":{"start":{"line":27,"column":4},"end":{"line":27,"column":75}},"19":{"start":{"line":27,"column":21},"end":{"line":27,"column":75}},"20":{"start":{"line":29,"column":4},"end":{"line":33,"column":5}},"21":{"start":{"line":30,"column":8},"end":{"line":30,"column":38}},"22":{"start":{"line":32,"column":8},"end":{"line":32,"column":54}},"23":{"start":{"line":34,"column":4},"end":{"line":35,"column":71}},"24":{"start":{"line":35,"column":8},"end":{"line":35,"column":71}},"25":{"start":{"line":36,"column":4},"end":{"line":36,"column":32}},"26":{"start":{"line":37,"column":4},"end":{"line":37,"column":35}},"27":{"start":{"line":40,"column":26},"end":{"line":76,"column":1}},"28":{"start":{"line":41,"column":31},"end":{"line":41,"column":39}},"29":{"start":{"line":42,"column":19},"end":{"line":42,"column":38}},"30":{"start":{"line":45,"column":4},"end":{"line":49,"column":5}},"31":{"start":{"line":46,"column":8},"end":{"line":46,"column":43}},"32":{"start":{"line":48,"column":8},"end":{"line":48,"column":54}},"33":{"start":{"line":50,"column":4},"end":{"line":50,"column":62}},"34":{"start":{"line":50,"column":15},"end":{"line":50,"column":62}},"35":{"start":{"line":51,"column":4},"end":{"line":51,"column":81}},"36":{"start":{"line":51,"column":27},"end":{"line":51,"column":81}},"37":{"start":{"line":53,"column":15},"end":{"line":53,"column":54}},"38":{"start":{"line":54,"column":4},"end":{"line":73,"column":5}},"39":{"start":{"line":55,"column":24},"end":{"line":55,"column":53}},"40":{"start":{"line":56,"column":8},"end":{"line":56,"column":34}},"41":{"start":{"line":57,"column":8},"end":{"line":57,"column":36}},"42":{"start":{"line":58,"column":8},"end":{"line":69,"column":9}},"43":{"start":{"line":70,"column":8},"end":{"line":70,"column":41}},"44":{"start":{"line":72,"column":8},"end":{"line":72,"column":54}},"45":{"start":{"line":75,"column":4},"end":{"line":75,"column":34}},"46":{"start":{"line":78,"column":30},"end":{"line":106,"column":1}},"47":{"start":{"line":79,"column":15},"end":{"line":79,"column":29}},"48":{"start":{"line":80,"column":32},"end":{"line":80,"column":40}},"49":{"start":{"line":81,"column":17},"end":{"line":81,"column":36}},"50":{"start":{"line":83,"column":4},"end":{"line":83,"column":75}},"51":{"start":{"line":83,"column":30},"end":{"line":83,"column":75}},"52":{"start":{"line":85,"column":4},"end":{"line":89,"column":5}},"53":{"start":{"line":86,"column":8},"end":{"line":86,"column":38}},"54":{"start":{"line":88,"column":8},"end":{"line":88,"column":54}},"55":{"start":{"line":90,"column":4},"end":{"line":91,"column":55}},"56":{"start":{"line":91,"column":8},"end":{"line":91,"column":55}},"57":{"start":{"line":93,"column":4},"end":{"line":94,"column":62}},"58":{"start":{"line":94,"column":8},"end":{"line":94,"column":62}},"59":{"start":{"line":96,"column":4},"end":{"line":96,"column":36}},"60":{"start":{"line":97,"column":4},"end":{"line":97,"column":45}},"61":{"start":{"line":98,"column":4},"end":{"line":102,"column":5}},"62":{"start":{"line":99,"column":8},"end":{"line":99,"column":25}},"63":{"start":{"line":101,"column":8},"end":{"line":101,"column":54}},"64":{"start":{"line":104,"column":4},"end":{"line":104,"column":22}},"65":{"start":{"line":108,"column":30},"end":{"line":138,"column":1}},"66":{"start":{"line":109,"column":15},"end":{"line":109,"column":29}},"67":{"start":{"line":110,"column":17},"end":{"line":110,"column":36}},"68":{"start":{"line":112,"column":4},"end":{"line":112,"column":75}},"69":{"start":{"line":112,"column":30},"end":{"line":112,"column":75}},"70":{"start":{"line":114,"column":4},"end":{"line":118,"column":5}},"71":{"start":{"line":115,"column":8},"end":{"line":115,"column":38}},"72":{"start":{"line":117,"column":8},"end":{"line":117,"column":54}},"73":{"start":{"line":119,"column":4},"end":{"line":120,"column":55}},"74":{"start":{"line":120,"column":8},"end":{"line":120,"column":55}},"75":{"start":{"line":121,"column":4},"end":{"line":121,"column":34}},"76":{"start":{"line":123,"column":4},"end":{"line":124,"column":62}},"77":{"start":{"line":124,"column":8},"end":{"line":124,"column":62}},"78":{"start":{"line":126,"column":4},"end":{"line":135,"column":5}},"79":{"start":{"line":127,"column":24},"end":{"line":127,"column":53}},"80":{"start":{"line":128,"column":8},"end":{"line":128,"column":34}},"81":{"start":{"line":129,"column":8},"end":{"line":129,"column":37}},"82":{"start":{"line":130,"column":8},"end":{"line":130,"column":44}},"83":{"start":{"line":131,"column":8},"end":{"line":131,"column":41}},"84":{"start":{"line":132,"column":8},"end":{"line":132,"column":41}},"85":{"start":{"line":134,"column":8},"end":{"line":134,"column":54}},"86":{"start":{"line":137,"column":4},"end":{"line":137,"column":41}}},"fnMap":{"0":{"name":"(anonymous_0)","decl":{"start":{"line":6,"column":27},"end":{"line":6,"column":28}},"loc":{"start":{"line":6,"column":53},"end":{"line":20,"column":1}},"line":6},"1":{"name":"(anonymous_1)","decl":{"start":{"line":22,"column":32},"end":{"line":22,"column":33}},"loc":{"start":{"line":22,"column":58},"end":{"line":38,"column":1}},"line":22},"2":{"name":"(anonymous_2)","decl":{"start":{"line":40,"column":26},"end":{"line":40,"column":27}},"loc":{"start":{"line":40,"column":52},"end":{"line":76,"column":1}},"line":40},"3":{"name":"(anonymous_3)","decl":{"start":{"line":78,"column":30},"end":{"line":78,"column":31}},"loc":{"start":{"line":78,"column":56},"end":{"line":106,"column":1}},"line":78},"4":{"name":"(anonymous_4)","decl":{"start":{"line":108,"column":30},"end":{"line":108,"column":31}},"loc":{"start":{"line":108,"column":56},"end":{"line":138,"column":1}},"line":108}},"branchMap":{"0":{"loc":{"start":{"line":9,"column":4},"end":{"line":9,"column":75}},"type":"if","locations":[{"start":{"line":9,"column":4},"end":{"line":9,"column":75}},{"start":{},"end":{}}],"line":9},"1":{"loc":{"start":{"line":16,"column":4},"end":{"line":16,"column":62}},"type":"if","locations":[{"start":{"line":16,"column":4},"end":{"line":16,"column":62}},{"start":{},"end":{}}],"line":16},"2":{"loc":{"start":{"line":17,"column":4},"end":{"line":17,"column":95}},"type":"if","locations":[{"start":{"line":17,"column":4},"end":{"line":17,"column":95}},{"start":{},"end":{}}],"line":17},"3":{"loc":{"start":{"line":25,"column":4},"end":{"line":25,"column":75}},"type":"if","locations":[{"start":{"line":25,"column":4},"end":{"line":25,"column":75}},{"start":{},"end":{}}],"line":25},"4":{"loc":{"start":{"line":27,"column":4},"end":{"line":27,"column":75}},"type":"if","locations":[{"start":{"line":27,"column":4},"end":{"line":27,"column":75}},{"start":{},"end":{}}],"line":27},"5":{"loc":{"start":{"line":34,"column":4},"end":{"line":35,"column":71}},"type":"if","locations":[{"start":{"line":34,"column":4},"end":{"line":35,"column":71}},{"start":{},"end":{}}],"line":34},"6":{"loc":{"start":{"line":50,"column":4},"end":{"line":50,"column":62}},"type":"if","locations":[{"start":{"line":50,"column":4},"end":{"line":50,"column":62}},{"start":{},"end":{}}],"line":50},"7":{"loc":{"start":{"line":51,"column":4},"end":{"line":51,"column":81}},"type":"if","locations":[{"start":{"line":51,"column":4},"end":{"line":51,"column":81}},{"start":{},"end":{}}],"line":51},"8":{"loc":{"start":{"line":83,"column":4},"end":{"line":83,"column":75}},"type":"if","locations":[{"start":{"line":83,"column":4},"end":{"line":83,"column":75}},{"start":{},"end":{}}],"line":83},"9":{"loc":{"start":{"line":90,"column":4},"end":{"line":91,"column":55}},"type":"if","locations":[{"start":{"line":90,"column":4},"end":{"line":91,"column":55}},{"start":{},"end":{}}],"line":90},"10":{"loc":{"start":{"line":93,"column":4},"end":{"line":94,"column":62}},"type":"if","locations":[{"start":{"line":93,"column":4},"end":{"line":94,"column":62}},{"start":{},"end":{}}],"line":93},"11":{"loc":{"start":{"line":96,"column":17},"end":{"line":96,"column":36}},"type":"binary-expr","locations":[{"start":{"line":96,"column":17},"end":{"line":96,"column":22}},{"start":{"line":96,"column":26},"end":{"line":96,"column":36}}],"line":96},"12":{"loc":{"start":{"line":97,"column":20},"end":{"line":97,"column":45}},"type":"binary-expr","locations":[{"start":{"line":97,"column":20},"end":{"line":97,"column":28}},{"start":{"line":97,"column":32},"end":{"line":97,"column":45}}],"line":97},"13":{"loc":{"start":{"line":112,"column":4},"end":{"line":112,"column":75}},"type":"if","locations":[{"start":{"line":112,"column":4},"end":{"line":112,"column":75}},{"start":{},"end":{}}],"line":112},"14":{"loc":{"start":{"line":119,"column":4},"end":{"line":120,"column":55}},"type":"if","locations":[{"start":{"line":119,"column":4},"end":{"line":120,"column":55}},{"start":{},"end":{}}],"line":119},"15":{"loc":{"start":{"line":123,"column":4},"end":{"line":124,"column":62}},"type":"if","locations":[{"start":{"line":123,"column":4},"end":{"line":124,"column":62}},{"start":{},"end":{}}],"line":123}},"s":{"0":1,"1":4,"2":4,"3":4,"4":1,"5":3,"6":3,"7":0,"8":3,"9":1,"10":2,"11":1,"12":1,"13":1,"14":4,"15":4,"16":4,"17":1,"18":3,"19":1,"20":2,"21":2,"22":0,"23":2,"24":1,"25":1,"26":1,"27":1,"28":3,"29":3,"30":3,"31":3,"32":0,"33":3,"34":1,"35":2,"36":1,"37":1,"38":1,"39":1,"40":1,"41":1,"42":1,"43":1,"44":0,"45":1,"46":1,"47":4,"48":4,"49":4,"50":4,"51":1,"52":3,"53":3,"54":0,"55":3,"56":1,"57":2,"58":1,"59":1,"60":1,"61":1,"62":1,"63":0,"64":1,"65":1,"66":4,"67":4,"68":4,"69":1,"70":3,"71":3,"72":0,"73":3,"74":1,"75":2,"76":2,"77":1,"78":1,"79":1,"80":1,"81":1,"82":1,"83":1,"84":1,"85":0,"86":1},"f":{"0":4,"1":4,"2":3,"3":4,"4":4},"b":{"0":[1,3],"1":[1,2],"2":[1,1],"3":[1,3],"4":[1,2],"5":[1,1],"6":[1,2],"7":[1,1],"8":[1,3],"9":[1,2],"10":[1,1],"11":[1,0],"12":[1,1],"13":[1,3],"14":[1,2],"15":[1,1]},"_coverageSchema":"1a1c01bbd47fc00a2c39e90264f33305004495a9","hash":"2dcfbcb51acfcc666d98cc6ca44a2f618850cb2d"}
,"C:\\Users\\user\\Documents\\done\\backend\\src\\controllers\\usersController.js": {"path":"C:\\Users\\user\\Documents\\done\\backend\\src\\controllers\\usersController.js","statementMap":{"0":{"start":{"line":8,"column":27},"end":{"line":20,"column":1}},"1":{"start":{"line":9,"column":15},"end":{"line":9,"column":29}},"2":{"start":{"line":10,"column":4},"end":{"line":10,"column":75}},"3":{"start":{"line":10,"column":30},"end":{"line":10,"column":75}},"4":{"start":{"line":12,"column":4},"end":{"line":16,"column":5}},"5":{"start":{"line":13,"column":8},"end":{"line":13,"column":51}},"6":{"start":{"line":15,"column":8},"end":{"line":15,"column":54}},"7":{"start":{"line":17,"column":4},"end":{"line":18,"column":55}},"8":{"start":{"line":18,"column":8},"end":{"line":18,"column":55}},"9":{"start":{"line":19,"column":4},"end":{"line":19,"column":22}},"10":{"start":{"line":22,"column":22},"end":{"line":47,"column":1}},"11":{"start":{"line":23,"column":35},"end":{"line":23,"column":43}},"12":{"start":{"line":24,"column":15},"end":{"line":24,"column":58}},"13":{"start":{"line":25,"column":4},"end":{"line":31,"column":5}},"14":{"start":{"line":26,"column":8},"end":{"line":26,"column":25}},"15":{"start":{"line":28,"column":8},"end":{"line":29,"column":66}},"16":{"start":{"line":29,"column":12},"end":{"line":29,"column":66}},"17":{"start":{"line":30,"column":8},"end":{"line":30,"column":54}},"18":{"start":{"line":36,"column":4},"end":{"line":44,"column":5}},"19":{"start":{"line":37,"column":8},"end":{"line":41,"column":9}},"20":{"start":{"line":43,"column":8},"end":{"line":43,"column":54}},"21":{"start":{"line":46,"column":4},"end":{"line":46,"column":52}},"22":{"start":{"line":49,"column":21},"end":{"line":75,"column":1}},"23":{"start":{"line":50,"column":35},"end":{"line":50,"column":43}},"24":{"start":{"line":53,"column":4},"end":{"line":57,"column":5}},"25":{"start":{"line":54,"column":8},"end":{"line":54,"column":47}},"26":{"start":{"line":56,"column":8},"end":{"line":56,"column":54}},"27":{"start":{"line":58,"column":4},"end":{"line":58,"column":88}},"28":{"start":{"line":58,"column":15},"end":{"line":58,"column":88}},"29":{"start":{"line":61,"column":4},"end":{"line":61,"column":89}},"30":{"start":{"line":61,"column":35},"end":{"line":61,"column":89}},"31":{"start":{"line":64,"column":4},"end":{"line":72,"column":5}},"32":{"start":{"line":65,"column":8},"end":{"line":69,"column":9}},"33":{"start":{"line":71,"column":8},"end":{"line":71,"column":54}},"34":{"start":{"line":74,"column":4},"end":{"line":74,"column":40}}},"fnMap":{"0":{"name":"(anonymous_0)","decl":{"start":{"line":8,"column":27},"end":{"line":8,"column":28}},"loc":{"start":{"line":8,"column":53},"end":{"line":20,"column":1}},"line":8},"1":{"name":"(anonymous_1)","decl":{"start":{"line":22,"column":22},"end":{"line":22,"column":23}},"loc":{"start":{"line":22,"column":48},"end":{"line":47,"column":1}},"line":22},"2":{"name":"(anonymous_2)","decl":{"start":{"line":49,"column":21},"end":{"line":49,"column":22}},"loc":{"start":{"line":49,"column":47},"end":{"line":75,"column":1}},"line":49}},"branchMap":{"0":{"loc":{"start":{"line":10,"column":4},"end":{"line":10,"column":75}},"type":"if","locations":[{"start":{"line":10,"column":4},"end":{"line":10,"column":75}},{"start":{},"end":{}}],"line":10},"1":{"loc":{"start":{"line":17,"column":4},"end":{"line":18,"column":55}},"type":"if","locations":[{"start":{"line":17,"column":4},"end":{"line":18,"column":55}},{"start":{},"end":{}}],"line":17},"2":{"loc":{"start":{"line":28,"column":8},"end":{"line":29,"column":66}},"type":"if","locations":[{"start":{"line":28,"column":8},"end":{"line":29,"column":66}},{"start":{},"end":{}}],"line":28},"3":{"loc":{"start":{"line":58,"column":4},"end":{"line":58,"column":88}},"type":"if","locations":[{"start":{"line":58,"column":4},"end":{"line":58,"column":88}},{"start":{},"end":{}}],"line":58},"4":{"loc":{"start":{"line":61,"column":4},"end":{"line":61,"column":89}},"type":"if","locations":[{"start":{"line":61,"column":4},"end":{"line":61,"column":89}},{"start":{},"end":{}}],"line":61}},"s":{"0":1,"1":3,"2":3,"3":1,"4":2,"5":2,"6":0,"7":2,"8":1,"9":1,"10":1,"11":2,"12":2,"13":2,"14":2,"15":1,"16":1,"17":0,"18":1,"19":1,"20":0,"21":1,"22":1,"23":3,"24":3,"25":3,"26":0,"27":3,"28":1,"29":2,"30":1,"31":1,"32":1,"33":0,"34":1},"f":{"0":3,"1":2,"2":3},"b":{"0":[1,2],"1":[1,1],"2":[1,0],"3":[1,2],"4":[1,1]},"_coverageSchema":"1a1c01bbd47fc00a2c39e90264f33305004495a9","hash":"e0a54517b96be4ab6d88d8f76f074d5c1cc47139"}
,"C:\\Users\\user\\Documents\\done\\backend\\src\\models\\httpError.js": {"path":"C:\\Users\\user\\Documents\\done\\backend\\src\\models\\httpError.js","statementMap":{"0":{"start":{"line":3,"column":8},"end":{"line":3,"column":22}},"1":{"start":{"line":4,"column":8},"end":{"line":4,"column":29}}},"fnMap":{"0":{"name":"(anonymous_0)","decl":{"start":{"line":2,"column":4},"end":{"line":2,"column":5}},"loc":{"start":{"line":2,"column":36},"end":{"line":5,"column":5}},"line":2}},"branchMap":{},"s":{"0":31,"1":31},"f":{"0":31},"b":{},"_coverageSchema":"1a1c01bbd47fc00a2c39e90264f33305004495a9","hash":"1128f4b11e2df690407efa7cadfd6491a6a4ecc5"}
,"C:\\Users\\user\\Documents\\done\\backend\\src\\models\\item.js": {"path":"C:\\Users\\user\\Documents\\done\\backend\\src\\models\\item.js","statementMap":{"0":{"start":{"line":3,"column":19},"end":{"line":13,"column":25}},"1":{"start":{"line":15,"column":13},"end":{"line":15,"column":47}}},"fnMap":{},"branchMap":{},"s":{"0":1,"1":1},"f":{},"b":{},"_coverageSchema":"1a1c01bbd47fc00a2c39e90264f33305004495a9","hash":"c9921c01d87a8313b1604ab72b884fda68b7ec9f"}
,"C:\\Users\\user\\Documents\\done\\backend\\src\\models\\list.js": {"path":"C:\\Users\\user\\Documents\\done\\backend\\src\\models\\list.js","statementMap":{"0":{"start":{"line":3,"column":19},"end":{"line":8,"column":2}},"1":{"start":{"line":10,"column":13},"end":{"line":10,"column":47}}},"fnMap":{},"branchMap":{},"s":{"0":2,"1":2},"f":{},"b":{},"_coverageSchema":"1a1c01bbd47fc00a2c39e90264f33305004495a9","hash":"2f500d7e45ffc467813a5f58befd6ce78ba90973"}
,"C:\\Users\\user\\Documents\\done\\backend\\src\\models\\user.js": {"path":"C:\\Users\\user\\Documents\\done\\backend\\src\\models\\user.js","statementMap":{"0":{"start":{"line":3,"column":19},"end":{"line":7,"column":2}},"1":{"start":{"line":9,"column":13},"end":{"line":9,"column":47}}},"fnMap":{},"branchMap":{},"s":{"0":2,"1":2},"f":{},"b":{},"_coverageSchema":"1a1c01bbd47fc00a2c39e90264f33305004495a9","hash":"69c17ade81dbbe023b657362958e528e4b1c4949"}
}
