TN:
SF:src\controllers\itemsController.js
FN:6,(anonymous_0)
FN:46,(anonymous_1)
FN:76,(anonymous_2)
FN:106,(anonymous_3)
FN:120,(anonymous_4)
FNF:5
FNH:5
FNDA:3,(anonymous_0)
FNDA:4,(anonymous_1)
FNDA:4,(anonymous_2)
FNDA:3,(anonymous_3)
FNDA:3,(anonymous_4)
DA:6,1
DA:7,3
DA:8,3
DA:11,3
DA:12,3
DA:14,0
DA:17,3
DA:18,2
DA:20,1
DA:21,1
DA:23,1
DA:24,1
DA:25,1
DA:26,1
DA:27,1
DA:38,1
DA:40,0
DA:43,1
DA:46,1
DA:47,4
DA:48,4
DA:49,4
DA:51,4
DA:53,3
DA:54,3
DA:56,0
DA:58,3
DA:59,2
DA:60,2
DA:61,1
DA:63,1
DA:64,1
DA:65,1
DA:66,1
DA:67,1
DA:68,1
DA:69,1
DA:71,0
DA:73,1
DA:76,1
DA:77,4
DA:78,4
DA:80,4
DA:82,3
DA:83,3
DA:85,0
DA:87,3
DA:88,2
DA:89,2
DA:90,1
DA:92,1
DA:93,1
DA:94,1
DA:95,1
DA:96,1
DA:97,1
DA:98,1
DA:100,0
DA:103,1
DA:106,1
DA:107,3
DA:109,3
DA:111,2
DA:112,2
DA:114,0
DA:116,2
DA:117,1
DA:120,1
DA:121,3
DA:123,3
DA:125,2
DA:126,2
DA:128,0
DA:130,2
DA:131,1
DA:133,1
LF:76
LH:68
BRDA:17,0,0,1
BRDA:17,0,1,2
BRDA:18,1,0,1
BRDA:18,1,1,1
BRDA:51,2,0,1
BRDA:51,2,1,3
BRDA:58,3,0,1
BRDA:58,3,1,2
BRDA:60,4,0,1
BRDA:60,4,1,1
BRDA:63,5,0,1
BRDA:63,5,1,1
BRDA:64,6,0,1
BRDA:64,6,1,1
BRDA:65,7,0,1
BRDA:65,7,1,1
BRDA:66,8,0,1
BRDA:66,8,1,0
BRDA:80,9,0,1
BRDA:80,9,1,3
BRDA:87,10,0,1
BRDA:87,10,1,2
BRDA:89,11,0,1
BRDA:89,11,1,1
BRDA:109,12,0,1
BRDA:109,12,1,2
BRDA:116,13,0,1
BRDA:116,13,1,1
BRDA:123,14,0,1
BRDA:123,14,1,2
BRDA:130,15,0,1
BRDA:130,15,1,1
BRF:32
BRH:31
end_of_record
TN:
SF:src\controllers\listsController.js
FN:6,(anonymous_0)
FN:22,(anonymous_1)
FN:40,(anonymous_2)
FN:78,(anonymous_3)
FN:108,(anonymous_4)
FNF:5
FNH:5
FNDA:4,(anonymous_0)
FNDA:4,(anonymous_1)
FNDA:3,(anonymous_2)
FNDA:4,(anonymous_3)
FNDA:4,(anonymous_4)
DA:6,1
DA:7,4
DA:8,4
DA:9,4
DA:11,3
DA:12,3
DA:14,0
DA:16,3
DA:17,2
DA:19,1
DA:22,1
DA:23,4
DA:24,4
DA:25,4
DA:27,3
DA:29,2
DA:30,2
DA:32,0
DA:34,2
DA:35,1
DA:36,1
DA:37,1
DA:40,1
DA:41,3
DA:42,3
DA:45,3
DA:46,3
DA:48,0
DA:50,3
DA:51,2
DA:53,1
DA:54,1
DA:55,1
DA:56,1
DA:57,1
DA:58,1
DA:70,1
DA:72,0
DA:75,1
DA:78,1
DA:79,4
DA:80,4
DA:81,4
DA:83,4
DA:85,3
DA:86,3
DA:88,0
DA:90,3
DA:91,1
DA:93,2
DA:94,1
DA:96,1
DA:97,1
DA:98,1
DA:99,1
DA:101,0
DA:104,1
DA:108,1
DA:109,4
DA:110,4
DA:112,4
DA:114,3
DA:115,3
DA:117,0
DA:119,3
DA:120,1
DA:121,2
DA:123,2
DA:124,1
DA:126,1
DA:127,1
DA:128,1
DA:129,1
DA:130,1
DA:131,1
DA:132,1
DA:134,0
DA:137,1
LF:78
LH:70
BRDA:9,0,0,1
BRDA:9,0,1,3
BRDA:16,1,0,1
BRDA:16,1,1,2
BRDA:17,2,0,1
BRDA:17,2,1,1
BRDA:25,3,0,1
BRDA:25,3,1,3
BRDA:27,4,0,1
BRDA:27,4,1,2
BRDA:34,5,0,1
BRDA:34,5,1,1
BRDA:50,6,0,1
BRDA:50,6,1,2
BRDA:51,7,0,1
BRDA:51,7,1,1
BRDA:83,8,0,1
BRDA:83,8,1,3
BRDA:90,9,0,1
BRDA:90,9,1,2
BRDA:93,10,0,1
BRDA:93,10,1,1
BRDA:96,11,0,1
BRDA:96,11,1,0
BRDA:97,12,0,1
BRDA:97,12,1,1
BRDA:112,13,0,1
BRDA:112,13,1,3
BRDA:119,14,0,1
BRDA:119,14,1,2
BRDA:123,15,0,1
BRDA:123,15,1,1
BRF:32
BRH:31
end_of_record
TN:
SF:src\controllers\usersController.js
FN:8,(anonymous_0)
FN:22,(anonymous_1)
FN:49,(anonymous_2)
FNF:3
FNH:3
FNDA:3,(anonymous_0)
FNDA:2,(anonymous_1)
FNDA:3,(anonymous_2)
DA:8,1
DA:9,3
DA:10,3
DA:12,2
DA:13,2
DA:15,0
DA:17,2
DA:18,1
DA:19,1
DA:22,1
DA:23,2
DA:24,2
DA:25,2
DA:26,2
DA:28,1
DA:29,1
DA:30,0
DA:36,1
DA:37,1
DA:43,0
DA:46,1
DA:49,1
DA:50,3
DA:53,3
DA:54,3
DA:56,0
DA:58,3
DA:61,2
DA:64,1
DA:65,1
DA:71,0
DA:74,1
LF:32
LH:27
BRDA:10,0,0,1
BRDA:10,0,1,2
BRDA:17,1,0,1
BRDA:17,1,1,1
BRDA:28,2,0,1
BRDA:28,2,1,0
BRDA:58,3,0,1
BRDA:58,3,1,2
BRDA:61,4,0,1
BRDA:61,4,1,1
BRF:10
BRH:9
end_of_record
TN:
SF:src\models\httpError.js
FN:2,(anonymous_0)
FNF:1
FNH:1
FNDA:31,(anonymous_0)
DA:3,31
DA:4,31
LF:2
LH:2
BRF:0
BRH:0
end_of_record
TN:
SF:src\models\item.js
FNF:0
FNH:0
DA:3,1
DA:15,1
LF:2
LH:2
BRF:0
BRH:0
end_of_record
TN:
SF:src\models\list.js
FNF:0
FNH:0
DA:3,2
DA:10,2
LF:2
LH:2
BRF:0
BRH:0
end_of_record
TN:
SF:src\models\user.js
FNF:0
FNH:0
DA:3,2
DA:9,2
LF:2
LH:2
BRF:0
BRH:0
end_of_record
